c:\users\admin\source\ascii_runner\game\game\debug\game.pch
c:\users\admin\source\ascii_runner\game\game\debug\vc141.pdb
c:\users\admin\source\ascii_runner\game\game\debug\vc141.idb
c:\users\admin\source\ascii_runner\game\game\debug\pch.obj
c:\users\admin\source\ascii_runner\game\game\debug\obstacle_mover.obj
c:\users\admin\source\ascii_runner\game\game\debug\obstacle_maker.obj
c:\users\admin\source\ascii_runner\game\game\debug\player.obj
c:\users\admin\source\ascii_runner\game\game\debug\gamemanager.obj
c:\users\admin\source\ascii_runner\game\game\debug\game.obj
c:\users\admin\source\ascii_runner\game\game\debug\drawercpp.obj
c:\users\admin\source\ascii_runner\game\game\debug\collisiondetect.obj
c:\users\admin\source\ascii_runner\game\debug\game.exe
c:\users\admin\source\ascii_runner\game\debug\game.ilk
c:\users\admin\source\ascii_runner\game\debug\game.pdb
c:\users\admin\source\ascii_runner\game\game\debug\game.tlog\cl.command.1.tlog
c:\users\admin\source\ascii_runner\game\game\debug\game.tlog\cl.read.1.tlog
c:\users\admin\source\ascii_runner\game\game\debug\game.tlog\cl.write.1.tlog
c:\users\admin\source\ascii_runner\game\game\debug\game.tlog\link.command.1.tlog
c:\users\admin\source\ascii_runner\game\game\debug\game.tlog\link.read.1.tlog
c:\users\admin\source\ascii_runner\game\game\debug\game.tlog\link.write.1.tlog
